<?xml version="1.0" encoding="UTF-8"?>
<!-- Generated by org.testng.reporters.JUnitReportReporter -->
<testsuite hostname="CDWILT004" failures="0" tests="1" name="xRunnersAuthentication.LoginAndLogout" time="2.424" errors="0" timestamp="2022-10-19T10:49:40 SGT" skipped="0">
  <testcase classname="xRunnersAuthentication.LoginAndLogout" name="goToSite" time="2.424"/>
  <system-out/>
</testsuite> <!-- xRunnersAuthentication.LoginAndLogout -->
