<?xml version="1.0" encoding="UTF-8"?>
<!-- Generated by org.testng.reporters.JUnitReportReporter -->
<testsuite hostname="CDWILT004" failures="0" tests="1" name="xRunnersAuthentication.Register" time="21.006" errors="0" timestamp="2022-10-11T12:06:56 SGT" skipped="0">
  <testcase classname="xRunnersAuthentication.Register" name="register" time="21.006"/>
  <system-out/>
</testsuite> <!-- xRunnersAuthentication.Register -->
