<?xml version="1.0" encoding="UTF-8"?>
<!-- Generated by org.testng.reporters.JUnitReportReporter -->
<testsuite hostname="CDWILT004" failures="0" tests="1" name="xRunnersGames.SelectLiveGameVendorMG" time="0.680" errors="0" timestamp="2022-10-11T12:39:35 SGT" skipped="0">
  <testcase classname="xRunnersGames.SelectLiveGameVendorMG" name="selectLiveGameVendorBBIN" time="0.680"/>
  <system-out/>
</testsuite> <!-- xRunnersGames.SelectLiveGameVendorMG -->
