<?xml version="1.0" encoding="UTF-8"?>
<!-- Generated by org.testng.reporters.JUnitReportReporter -->
<testsuite hostname="CDWILT004" failures="0" tests="1" name="xRunners.GoToSite" time="3.881" errors="0" timestamp="2022-10-07T15:50:05 SGT" skipped="0">
  <testcase classname="xRunners.GoToSite" name="goToSite" time="3.881"/>
  <system-out/>
</testsuite> <!-- xRunners.GoToSite -->
