<?xml version="1.0" encoding="UTF-8"?>
<!-- Generated by org.testng.reporters.JUnitReportReporter -->
<testsuite hostname="CDWILT004" failures="0" tests="1" name="xRunnersGames.SelectSlotsGameVendor" time="1.758" errors="0" timestamp="2022-10-11T10:58:23 SGT" skipped="0">
  <testcase classname="xRunnersGames.SelectSlotsGameVendor" name="selectSlotsGameVendor" time="1.758"/>
  <system-out/>
</testsuite> <!-- xRunnersGames.SelectSlotsGameVendor -->
