<?xml version="1.0" encoding="UTF-8"?>
<!-- Generated by org.testng.reporters.JUnitReportReporter -->
<testsuite hostname="CDWILT004" failures="0" tests="1" name="xRunnersGames.SelectSlotsGameVendorMG" time="13.915" errors="0" timestamp="2022-10-18T10:27:08 SGT" skipped="0">
  <testcase classname="xRunnersGames.SelectSlotsGameVendorMG" name="selectSlotsGameVendor" time="13.915"/>
  <system-out/>
</testsuite> <!-- xRunnersGames.SelectSlotsGameVendorMG -->
