<?xml version="1.0" encoding="UTF-8"?>
<!-- Generated by org.testng.reporters.JUnitReportReporter -->
<testsuite hostname="CDWILT004" failures="0" tests="1" name="xRunnersGames.SelectGameCategory" time="1.185" errors="0" timestamp="2022-10-18T12:12:31 SGT" skipped="0">
  <testcase classname="xRunnersGames.SelectGameCategory" name="selectGameCategory" time="1.185"/>
  <system-out/>
</testsuite> <!-- xRunnersGames.SelectGameCategory -->
