<?xml version="1.0" encoding="UTF-8"?>
<!-- Generated by org.testng.reporters.JUnitReportReporter -->
<testsuite hostname="CDWILT004" failures="0" tests="1" name="xRunners.LoginAndLogout" time="2.764" errors="0" timestamp="2022-10-07T16:47:32 SGT" skipped="0">
  <testcase classname="xRunners.LoginAndLogout" name="goToSite" time="2.764"/>
  <system-out/>
</testsuite> <!-- xRunners.LoginAndLogout -->
