<?xml version="1.0" encoding="UTF-8"?>
<!-- Generated by org.testng.reporters.JUnitReportReporter -->
<testsuite hostname="CDWILT004" failures="0" tests="1" name="xRunnersGames.SelectLiveGameVendorBBIN" time="68.013" errors="0" timestamp="2022-10-14T16:33:35 SGT" skipped="0">
  <testcase classname="xRunnersGames.SelectLiveGameVendorBBIN" name="selectLiveGameVendorBBIN" time="68.013"/>
  <system-out/>
</testsuite> <!-- xRunnersGames.SelectLiveGameVendorBBIN -->
