<?xml version="1.0" encoding="UTF-8"?>
<!-- Generated by org.testng.reporters.JUnitReportReporter -->
<testsuite hostname="CDWILT004" failures="0" tests="1" name="xRunnersDeposit.OfflineDepositBO" time="3.470" errors="0" timestamp="2022-10-19T11:30:09 SGT" skipped="0">
  <testcase classname="xRunnersDeposit.OfflineDepositBO" name="offlineDepositBO" time="3.470"/>
  <system-out/>
</testsuite> <!-- xRunnersDeposit.OfflineDepositBO -->
