<?xml version="1.0" encoding="UTF-8"?>
<!-- Generated by org.testng.reporters.JUnitReportReporter -->
<testsuite hostname="CDWILT004" failures="0" tests="2" name="xRunnersAuthentication.LoginAndLogout" time="9.008" errors="0" timestamp="2022-10-12T12:52:22 SGT" skipped="0">
  <testcase classname="xRunnersAuthentication.LoginAndLogout" name="goToSite" time="4.023"/>
  <system-out/>
  <testcase classname="xRunnersAuthentication.LoginAndLogout" name="login" time="4.985"/>
  <system-out/>
</testsuite> <!-- xRunnersAuthentication.LoginAndLogout -->
