<?xml version="1.0" encoding="UTF-8"?>
<!-- Generated by org.testng.reporters.JUnitReportReporter -->
<testsuite hostname="CDWILT004" failures="0" tests="1" name="xRunnersGames.SelectLiveGameVendorBBIN" time="57.237" errors="0" timestamp="2022-10-11T15:38:42 SGT" skipped="0">
  <testcase classname="xRunnersGames.SelectLiveGameVendorBBIN" name="selectLiveGameVendorBBIN" time="57.237"/>
  <system-out/>
</testsuite> <!-- xRunnersGames.SelectLiveGameVendorBBIN -->
