<?xml version="1.0" encoding="UTF-8"?>
<!-- Generated by org.testng.reporters.JUnitReportReporter -->
<testsuite hostname="CDWILT004" failures="0" tests="2" name="xRunnersAuthentication.LoginAndLogout" time="7.726" errors="0" timestamp="2022-10-14T11:02:43 SGT" skipped="0">
  <testcase classname="xRunnersAuthentication.LoginAndLogout" name="goToSite" time="2.467"/>
  <system-out/>
  <testcase classname="xRunnersAuthentication.LoginAndLogout" name="login" time="5.259"/>
  <system-out/>
</testsuite> <!-- xRunnersAuthentication.LoginAndLogout -->
