<?xml version="1.0" encoding="UTF-8"?>
<!-- Generated by org.testng.reporters.JUnitReportReporter -->
<testsuite hostname="CDWILT004" failures="0" tests="1" name="testSetupRunner.TestNGDriverRun" time="5.396" errors="0" timestamp="2022-10-07T12:25:25 SGT" skipped="0">
  <testcase classname="testSetupRunner.TestNGDriverRun" name="test" time="5.396"/>
  <system-out/>
</testsuite> <!-- testSetupRunner.TestNGDriverRun -->
