<?xml version="1.0" encoding="UTF-8"?>
<!-- Generated by org.testng.reporters.JUnitReportReporter -->
<testsuite hostname="CDWILT004" failures="0" tests="1" name="xRunnersGames.SelectSlotsGameVendorCQ9" time="120.353" errors="0" timestamp="2022-10-12T12:52:22 SGT" skipped="0">
  <testcase classname="xRunnersGames.SelectSlotsGameVendorCQ9" name="selectSlotsGameVendor" time="120.353"/>
  <system-out/>
</testsuite> <!-- xRunnersGames.SelectSlotsGameVendorCQ9 -->
