<?xml version="1.0" encoding="UTF-8"?>
<!-- Generated by org.testng.reporters.JUnitReportReporter -->
<testsuite hostname="CDWILT004" failures="0" tests="1" name="xRunnersGames.SelectSlotsGameVendor" time="3.266" errors="0" timestamp="2022-10-11T11:07:41 SGT" skipped="0">
  <testcase classname="xRunnersGames.SelectSlotsGameVendor" name="selectSlotsGameVendor" time="3.266"/>
  <system-out/>
</testsuite> <!-- xRunnersGames.SelectSlotsGameVendor -->
