<?xml version="1.0" encoding="UTF-8"?>
<!-- Generated by org.testng.reporters.JUnitReportReporter -->
<testsuite hostname="CDWILT004" failures="0" tests="1" name="xRunnersAuthentication.Register" time="24.765" errors="0" timestamp="2022-10-11T11:47:30 SGT" skipped="0">
  <testcase classname="xRunnersAuthentication.Register" name="register" time="24.765"/>
  <system-out/>
</testsuite> <!-- xRunnersAuthentication.Register -->
