<?xml version="1.0" encoding="UTF-8"?>
<!-- Generated by org.testng.reporters.JUnitReportReporter -->
<testsuite hostname="CDWILT004" failures="0" tests="1" name="xRunnersGames.SelectGameCategory" time="2.136" errors="0" timestamp="2022-10-12T12:13:32 SGT" skipped="0">
  <testcase classname="xRunnersGames.SelectGameCategory" name="selectGameCategory" time="2.136"/>
  <system-out/>
</testsuite> <!-- xRunnersGames.SelectGameCategory -->
