<?xml version="1.0" encoding="UTF-8"?>
<!-- Generated by org.testng.reporters.JUnitReportReporter -->
<testsuite hostname="CDWILT004" failures="0" tests="1" name="xRunnersAuthentication.Register" time="22.264" errors="0" timestamp="2022-10-11T10:30:06 SGT" skipped="0">
  <testcase classname="xRunnersAuthentication.Register" name="register" time="22.264"/>
  <system-out/>
</testsuite> <!-- xRunnersAuthentication.Register -->
