<?xml version="1.0" encoding="UTF-8"?>
<!-- Generated by org.testng.reporters.JUnitReportReporter -->
<testsuite hostname="CDWILT004" failures="0" tests="1" name="xRunnersGames.SelectLiveGameVendorBBIN" time="41.534" errors="0" timestamp="2022-10-11T16:03:54 SGT" skipped="0">
  <testcase classname="xRunnersGames.SelectLiveGameVendorBBIN" name="selectLiveGameVendorBBIN" time="41.534"/>
  <system-out/>
</testsuite> <!-- xRunnersGames.SelectLiveGameVendorBBIN -->
