<?xml version="1.0" encoding="UTF-8"?>
<!-- Generated by org.testng.reporters.JUnitReportReporter -->
<testsuite hostname="CDWILT004" failures="0" tests="3" name="xRunners.LoginAndLogout" time="11.750" errors="0" timestamp="2022-10-07T16:50:47 SGT" skipped="0">
  <testcase classname="xRunners.LoginAndLogout" name="goToSite" time="3.018"/>
  <system-out/>
  <testcase classname="xRunners.LoginAndLogout" name="login" time="4.703"/>
  <system-out/>
  <testcase classname="xRunners.LoginAndLogout" name="logout" time="4.029"/>
  <system-out/>
</testsuite> <!-- xRunners.LoginAndLogout -->
