<?xml version="1.0" encoding="UTF-8"?>
<!-- Generated by org.testng.reporters.JUnitReportReporter -->
<testsuite hostname="CDWILT004" failures="0" tests="1" name="xRunnersDeposit.OfflineDeposit" time="4.430" errors="0" timestamp="2022-10-19T10:33:24 SGT" skipped="0">
  <testcase classname="xRunnersDeposit.OfflineDeposit" name="offlineDeposit" time="4.430"/>
  <system-out/>
</testsuite> <!-- xRunnersDeposit.OfflineDeposit -->
