<?xml version="1.0" encoding="UTF-8"?>
<!-- Generated by org.testng.reporters.JUnitReportReporter -->
<testsuite hostname="CDWILT004" failures="0" tests="2" name="xRunners.Login" time="8.024" errors="0" timestamp="2022-10-07T16:35:38 SGT" skipped="0">
  <testcase classname="xRunners.Login" name="goToSite" time="1.679"/>
  <system-out/>
  <testcase classname="xRunners.Login" name="login" time="6.345"/>
  <system-out/>
</testsuite> <!-- xRunners.Login -->
