<?xml version="1.0" encoding="UTF-8"?>
<!-- Generated by org.testng.reporters.JUnitReportReporter -->
<testsuite hostname="CDWILT004" failures="0" tests="1" name="xRunnersDeposit.OfflineDeposit" time="4.359" errors="0" timestamp="2022-10-18T15:43:25 SGT" skipped="0">
  <testcase classname="xRunnersDeposit.OfflineDeposit" name="offlineDeposit" time="4.359"/>
  <system-out/>
</testsuite> <!-- xRunnersDeposit.OfflineDeposit -->
