<?xml version="1.0" encoding="UTF-8"?>
<!-- Generated by org.testng.reporters.JUnitReportReporter -->
<testsuite hostname="CDWILT004" failures="0" tests="5" name="xRunnersAuthentication.LoginAndLogout" time="17.468" errors="0" timestamp="2022-10-11T11:47:30 SGT" skipped="0">
  <testcase classname="xRunnersAuthentication.LoginAndLogout" name="goToSite" time="2.562"/>
  <system-out/>
  <testcase classname="xRunnersAuthentication.LoginAndLogout" name="goToSite" time="2.825"/>
  <system-out/>
  <testcase classname="xRunnersAuthentication.LoginAndLogout" name="login" time="4.352"/>
  <system-out/>
  <testcase classname="xRunnersAuthentication.LoginAndLogout" name="login" time="5.196"/>
  <system-out/>
  <testcase classname="xRunnersAuthentication.LoginAndLogout" name="logout" time="2.533"/>
  <system-out/>
</testsuite> <!-- xRunnersAuthentication.LoginAndLogout -->
