<?xml version="1.0" encoding="UTF-8"?>
<!-- Generated by org.testng.reporters.JUnitReportReporter -->
<testsuite hostname="CDWILT004" failures="0" tests="2" name="xRunnersAuthentication.LoginAndLogout" time="8.396" errors="0" timestamp="2022-10-11T10:58:23 SGT" skipped="0">
  <testcase classname="xRunnersAuthentication.LoginAndLogout" name="goToSite" time="3.213"/>
  <system-out/>
  <testcase classname="xRunnersAuthentication.LoginAndLogout" name="login" time="5.183"/>
  <system-out/>
</testsuite> <!-- xRunnersAuthentication.LoginAndLogout -->
