<?xml version="1.0" encoding="UTF-8"?>
<!-- Generated by org.testng.reporters.JUnitReportReporter -->
<testsuite hostname="CDWILT004" failures="0" tests="2" name="xRunnersDeposit.LoginBO" time="3.719" errors="0" timestamp="2022-10-19T11:30:09 SGT" skipped="0">
  <testcase classname="xRunnersDeposit.LoginBO" name="goToSite" time="0.936"/>
  <system-out/>
  <testcase classname="xRunnersDeposit.LoginBO" name="loginBO" time="2.783"/>
  <system-out/>
</testsuite> <!-- xRunnersDeposit.LoginBO -->
