<?xml version="1.0" encoding="UTF-8"?>
<!-- Generated by org.testng.reporters.JUnitReportReporter -->
<testsuite hostname="CDWILT004" failures="0" tests="1" name="xRunners.Register" time="6.582" errors="0" timestamp="2022-10-07T16:47:32 SGT" skipped="0">
  <testcase classname="xRunners.Register" name="register" time="6.582"/>
  <system-out/>
</testsuite> <!-- xRunners.Register -->
