<?xml version="1.0" encoding="UTF-8"?>
<!-- Generated by org.testng.reporters.JUnitReportReporter -->
<testsuite hostname="CDWILT004" failures="0" tests="1" name="xRunnersGames.SelectGameCategory" time="2.051" errors="0" timestamp="2022-10-14T15:27:47 SGT" skipped="0">
  <testcase classname="xRunnersGames.SelectGameCategory" name="selectGameCategory" time="2.051"/>
  <system-out/>
</testsuite> <!-- xRunnersGames.SelectGameCategory -->
