<?xml version="1.0" encoding="UTF-8"?>
<!-- Generated by org.testng.reporters.JUnitReportReporter -->
<testsuite hostname="CDWILT004" failures="0" tests="1" name="xRunnersGames.SelectSlotsGameVendorCQ9" time="131.990" errors="0" timestamp="2022-10-14T11:02:43 SGT" skipped="0">
  <testcase classname="xRunnersGames.SelectSlotsGameVendorCQ9" name="selectSlotsGameVendor" time="131.990"/>
  <system-out/>
</testsuite> <!-- xRunnersGames.SelectSlotsGameVendorCQ9 -->
